<?xml version="1.0" encoding="UTF-8"?>
<!-- Generated by org.testng.reporters.JUnitXMLReporter -->
<testsuite hostname="DESKTOP-EA5FGKH" name="Automation Test Report" tests="4" failures="4" timestamp="19 Nov 2019 16:17:41 GMT" time="12.222" errors="0">
  <testcase name="feature" time="5.319" classname="testRunner.TestRunner">
    <failure type="java.lang.NullPointerException">
      <![CDATA[java.lang.NullPointerException
	at Listeners.ExtentReportListener.captureScreenShot(ExtentReportListener.java:73)
	at Listeners.ExtentReportListener.testStepHandle(ExtentReportListener.java:51)
	at StepDef.YoutubeChannelValidationStepDef.open_chrome_browser_with_url(YoutubeChannelValidationStepDef.java:51)
	at ✽.Open chrome browser with url(./Features/YoutubeChannelValidation.feature:5)
]]>
    </failure>
  </testcase> <!-- feature -->
  <testcase name="feature" time="2.167" classname="testRunner.TestRunner">
    <failure type="java.lang.NullPointerException">
      <![CDATA[java.lang.NullPointerException
	at Listeners.ExtentReportListener.captureScreenShot(ExtentReportListener.java:73)
	at Listeners.ExtentReportListener.testStepHandle(ExtentReportListener.java:51)
	at StepDef.YoutubeChannelValidationStepDef.open_chrome_browser_with_url(YoutubeChannelValidationStepDef.java:51)
	at ✽.Open chrome browser with url(./Features/YoutubeChannelValidation.feature:12)
]]>
    </failure>
  </testcase> <!-- feature -->
  <testcase name="feature" time="2.171" classname="testRunner.TestRunner">
    <failure type="java.lang.NullPointerException">
      <![CDATA[java.lang.NullPointerException
	at Listeners.ExtentReportListener.captureScreenShot(ExtentReportListener.java:73)
	at Listeners.ExtentReportListener.testStepHandle(ExtentReportListener.java:51)
	at StepDef.YoutubeChannelValidationStepDef.open_chrome_browser_with_url(YoutubeChannelValidationStepDef.java:51)
	at ✽.Open chrome browser with url(./Features/YoutubeChannelValidation.feature:18)
]]>
    </failure>
  </testcase> <!-- feature -->
  <testcase name="feature" time="1.806" classname="testRunner.TestRunner">
    <failure type="java.lang.NullPointerException">
      <![CDATA[java.lang.NullPointerException
	at Listeners.ExtentReportListener.captureScreenShot(ExtentReportListener.java:73)
	at Listeners.ExtentReportListener.testStepHandle(ExtentReportListener.java:51)
	at StepDef.YoutubeChannelValidationStepDef.open_chrome_browser_with_url(YoutubeChannelValidationStepDef.java:51)
	at ✽.Open chrome browser with url(./Features/YoutubeChannelValidation.feature:24)
]]>
    </failure>
  </testcase> <!-- feature -->
</testsuite> <!-- Automation Test Report -->
